<?xml version="1.0" encoding="UTF-8"?>
<testsuite xmlns:xsi="http://www.w3.org/2001/XMLSchema-instance" xsi:noNamespaceSchemaLocation="https://maven.apache.org/surefire/maven-surefire-plugin/xsd/surefire-test-report-3.0.xsd" version="3.0" name="emil.komp.asteroids.PlayerControlSystem.test.PlayerControlSystemTest" time="2.23" tests="5" errors="0" skipped="0" failures="0">
  <properties>
    <property name="java.specification.version" value="21"/>
    <property name="sun.cpu.isalist" value="amd64"/>
    <property name="sun.jnu.encoding" value="Cp1252"/>
    <property name="java.class.path" value="C:\KompExam\KompSpilExam\Player\target\test-classes;C:\Users\emils\.m2\repository\org\junit\jupiter\junit-jupiter-api\5.13.0-RC1\junit-jupiter-api-5.13.0-RC1.jar;C:\Users\emils\.m2\repository\org\opentest4j\opentest4j\1.3.0\opentest4j-1.3.0.jar;C:\Users\emils\.m2\repository\org\junit\platform\junit-platform-commons\1.13.0-RC1\junit-platform-commons-1.13.0-RC1.jar;C:\Users\emils\.m2\repository\org\apiguardian\apiguardian-api\1.1.2\apiguardian-api-1.1.2.jar;C:\Users\emils\.m2\repository\org\mockito\mockito-core\5.11.0\mockito-core-5.11.0.jar;C:\Users\emils\.m2\repository\net\bytebuddy\byte-buddy\1.14.12\byte-buddy-1.14.12.jar;C:\Users\emils\.m2\repository\net\bytebuddy\byte-buddy-agent\1.14.12\byte-buddy-agent-1.14.12.jar;C:\Users\emils\.m2\repository\org\objenesis\objenesis\3.3\objenesis-3.3.jar;"/>
    <property name="java.vm.vendor" value="Eclipse Adoptium"/>
    <property name="sun.arch.data.model" value="64"/>
    <property name="user.variant" value=""/>
    <property name="java.vendor.url" value="https://adoptium.net/"/>
    <property name="user.timezone" value="Europe/Copenhagen"/>
    <property name="user.country.format" value="DK"/>
    <property name="os.name" value="Windows 10"/>
    <property name="java.vm.specification.version" value="21"/>
    <property name="sun.java.launcher" value="SUN_STANDARD"/>
    <property name="user.country" value="US"/>
    <property name="sun.boot.library.path" value="C:\Program Files\Eclipse Adoptium\jdk-21.0.6.7-hotspot\bin"/>
    <property name="sun.java.command" value="org.apache.maven.surefire.booter.ForkedBooter C:\Users\emils\AppData\Local\Temp\surefire8313652237542248792 2025-05-28T20-39-30_163-jvmRun1 surefire-20250528203951291_5tmp surefire_1-20250528203951291_6tmp"/>
    <property name="jdk.debug" value="release"/>
    <property name="surefire.test.class.path" value="C:\KompExam\KompSpilExam\Player\target\test-classes;C:\Users\emils\.m2\repository\org\junit\jupiter\junit-jupiter-api\5.13.0-RC1\junit-jupiter-api-5.13.0-RC1.jar;C:\Users\emils\.m2\repository\org\opentest4j\opentest4j\1.3.0\opentest4j-1.3.0.jar;C:\Users\emils\.m2\repository\org\junit\platform\junit-platform-commons\1.13.0-RC1\junit-platform-commons-1.13.0-RC1.jar;C:\Users\emils\.m2\repository\org\apiguardian\apiguardian-api\1.1.2\apiguardian-api-1.1.2.jar;C:\Users\emils\.m2\repository\org\mockito\mockito-core\5.11.0\mockito-core-5.11.0.jar;C:\Users\emils\.m2\repository\net\bytebuddy\byte-buddy\1.14.12\byte-buddy-1.14.12.jar;C:\Users\emils\.m2\repository\net\bytebuddy\byte-buddy-agent\1.14.12\byte-buddy-agent-1.14.12.jar;C:\Users\emils\.m2\repository\org\objenesis\objenesis\3.3\objenesis-3.3.jar;"/>
    <property name="sun.cpu.endian" value="little"/>
    <property name="user.home" value="C:\Users\emils"/>
    <property name="user.language" value="en"/>
    <property name="java.specification.vendor" value="Oracle Corporation"/>
    <property name="jdk.module.path" value="C:\KompExam\KompSpilExam\Player\target\classes;C:\KompExam\KompSpilExam\Common\target\Common-1.0-SNAPSHOT.jar;C:\KompExam\KompSpilExam\CommonBullet\target\CommonBullet-1.0-SNAPSHOT.jar"/>
    <property name="java.version.date" value="2025-01-21"/>
    <property name="java.home" value="C:\Program Files\Eclipse Adoptium\jdk-21.0.6.7-hotspot"/>
    <property name="file.separator" value="\"/>
    <property name="basedir" value="C:\KompExam\KompSpilExam\Player"/>
    <property name="java.vm.compressedOopsMode" value="Zero based"/>
    <property name="line.separator" value="&#10;"/>
    <property name="java.vm.specification.vendor" value="Oracle Corporation"/>
    <property name="java.specification.name" value="Java Platform API Specification"/>
    <property name="surefire.real.class.path" value="C:\Users\emils\.m2\repository\org\apache\maven\surefire\surefire-booter\3.2.5\surefire-booter-3.2.5.jar;C:\Users\emils\.m2\repository\org\apache\maven\surefire\surefire-api\3.2.5\surefire-api-3.2.5.jar;C:\Users\emils\.m2\repository\org\apache\maven\surefire\surefire-logger-api\3.2.5\surefire-logger-api-3.2.5.jar;C:\Users\emils\.m2\repository\org\apache\maven\surefire\surefire-shared-utils\3.2.5\surefire-shared-utils-3.2.5.jar;C:\Users\emils\.m2\repository\org\apache\maven\surefire\surefire-extensions-spi\3.2.5\surefire-extensions-spi-3.2.5.jar;C:\KompExam\KompSpilExam\Player\target\test-classes;C:\Users\emils\.m2\repository\org\junit\jupiter\junit-jupiter-api\5.13.0-RC1\junit-jupiter-api-5.13.0-RC1.jar;C:\Users\emils\.m2\repository\org\opentest4j\opentest4j\1.3.0\opentest4j-1.3.0.jar;C:\Users\emils\.m2\repository\org\junit\platform\junit-platform-commons\1.13.0-RC1\junit-platform-commons-1.13.0-RC1.jar;C:\Users\emils\.m2\repository\org\apiguardian\apiguardian-api\1.1.2\apiguardian-api-1.1.2.jar;C:\Users\emils\.m2\repository\org\mockito\mockito-core\5.11.0\mockito-core-5.11.0.jar;C:\Users\emils\.m2\repository\net\bytebuddy\byte-buddy\1.14.12\byte-buddy-1.14.12.jar;C:\Users\emils\.m2\repository\net\bytebuddy\byte-buddy-agent\1.14.12\byte-buddy-agent-1.14.12.jar;C:\Users\emils\.m2\repository\org\objenesis\objenesis\3.3\objenesis-3.3.jar;C:\Users\emils\.m2\repository\org\apache\maven\surefire\surefire-junit-platform\3.2.5\surefire-junit-platform-3.2.5.jar;C:\Users\emils\.m2\repository\org\apache\maven\surefire\common-java5\3.2.5\common-java5-3.2.5.jar;C:\Users\emils\.m2\repository\org\junit\platform\junit-platform-launcher\1.13.0-RC1\junit-platform-launcher-1.13.0-RC1.jar;C:\Users\emils\.m2\repository\org\junit\platform\junit-platform-engine\1.13.0-RC1\junit-platform-engine-1.13.0-RC1.jar;C:\Users\emils\.m2\repository\org\junit\jupiter\junit-jupiter-engine\5.13.0-RC1\junit-jupiter-engine-5.13.0-RC1.jar"/>
    <property name="user.script" value=""/>
    <property name="sun.management.compiler" value="HotSpot 64-Bit Tiered Compilers"/>
    <property name="java.runtime.version" value="21.0.6+7-LTS"/>
    <property name="user.name" value="emils"/>
    <property name="stdout.encoding" value="Cp1252"/>
    <property name="path.separator" value=";"/>
    <property name="os.version" value="10.0"/>
    <property name="java.runtime.name" value="OpenJDK Runtime Environment"/>
    <property name="file.encoding" value="UTF-8"/>
    <property name="java.vm.name" value="OpenJDK 64-Bit Server VM"/>
    <property name="java.vendor.version" value="Temurin-21.0.6+7"/>
    <property name="localRepository" value="C:\Users\emils\.m2\repository"/>
    <property name="java.vendor.url.bug" value="https://github.com/adoptium/adoptium-support/issues"/>
    <property name="java.io.tmpdir" value="C:\Users\emils\AppData\Local\Temp\"/>
    <property name="java.version" value="21.0.6"/>
    <property name="user.dir" value="C:\KompExam\KompSpilExam\Player"/>
    <property name="os.arch" value="amd64"/>
    <property name="java.vm.specification.name" value="Java Virtual Machine Specification"/>
    <property name="sun.os.patch.level" value=""/>
    <property name="native.encoding" value="Cp1252"/>
    <property name="java.library.path" value="C:\Program Files\Eclipse Adoptium\jdk-21.0.6.7-hotspot\bin;C:\Windows\Sun\Java\bin;C:\Windows\system32;C:\Windows;C:\Program Files\Eclipse Adoptium\jdk-21.0.6.7-hotspot\bin;C:\Program Files (x86)\Common Files\Oracle\Java\java8path;C:\Program Files (x86)\Common Files\Oracle\Java\javapath;C:\Windows\system32;C:\Windows;C:\Windows\System32\Wbem;C:\Windows\System32\WindowsPowerShell\v1.0\;C:\Windows\System32\OpenSSH\;C:\Program Files\Git\cmd;C:\ProgramData\ComposerSetup\bin;C:\Program Files\Docker\Docker\resources\bin;C:\dev\apache-maven-3.9.9\bin;C:\Users\emils\AppData\Local\Programs\Python\Python310\Scripts\;C:\Users\emils\AppData\Local\Programs\Python\Python310\;C:\Users\emils\AppData\Local\Programs\Python\Python39-32\Scripts\;C:\Users\emils\AppData\Local\Programs\Python\Python39-32\;C:\Users\emils\AppData\Local\Programs\Python\Launcher\;C:\Users\emils\AppData\Local\Microsoft\WindowsApps;C:\Users\emils\AppData\Local\GitHubDesktop\bin;C:\PHP\;C:\Users\emils\AppData\Roaming\Composer\vendor\bin;C:\Users\emils\AppData\Local\Programs\Microsoft VS Code\bin;."/>
    <property name="java.vm.info" value="mixed mode"/>
    <property name="stderr.encoding" value="Cp1252"/>
    <property name="java.vendor" value="Eclipse Adoptium"/>
    <property name="java.vm.version" value="21.0.6+7-LTS"/>
    <property name="sun.io.unicode.encoding" value="UnicodeLittle"/>
    <property name="java.class.version" value="65.0"/>
  </properties>
  <testcase name="testPlayerRotatesRight" classname="emil.komp.asteroids.PlayerControlSystem.test.PlayerControlSystemTest" time="2.117">
    <system-err><![CDATA[WARNING: A Java agent has been loaded dynamically (C:\Users\emils\.m2\repository\net\bytebuddy\byte-buddy-agent\1.14.12\byte-buddy-agent-1.14.12.jar)
WARNING: If a serviceability tool is in use, please run with -XX:+EnableDynamicAgentLoading to hide this warning
WARNING: If a serviceability tool is not in use, please run with -Djdk.instrument.traceUsage for more information
WARNING: Dynamic loading of agents will be disallowed by default in a future release
]]></system-err>
  </testcase>
  <testcase name="testPlayerScreenWrappingBottom" classname="emil.komp.asteroids.PlayerControlSystem.test.PlayerControlSystemTest" time="0.012"/>
  <testcase name="testPlayerRotatesLeft" classname="emil.komp.asteroids.PlayerControlSystem.test.PlayerControlSystemTest" time="0.013"/>
  <testcase name="testPlayerScreenWrappingLeft" classname="emil.komp.asteroids.PlayerControlSystem.test.PlayerControlSystemTest" time="0.017"/>
  <testcase name="testPlayerMovesUp" classname="emil.komp.asteroids.PlayerControlSystem.test.PlayerControlSystemTest" time="0.012"/>
</testsuite>